17:42:54| --------------------------------------------------------------------------------
17:42:54| Primes: 0
17:42:54|  
17:42:54| --------------------------------------------------------------------------------
17:42:54| Words: 0
17:42:54|  
17:42:54| --------------------------------------------------------------------------------
17:42:54| Uppercase: 0
17:42:54|  
17:42:54| --------------------------------------------------------------------------------
17:42:54| Sums: 0
17:42:54|  
17:42:54| --------------------------------------------------------------------------------
17:42:54| Names: 0
17:42:54|  
17:42:54| Number of Primes tasks: 0
17:42:54| Number of Words tasks: 0
17:42:54| Number of Uppercase tasks: 0
17:42:54| Number of Sums tasks: 0
17:42:54| Number of Names tasks: 0
17:42:54| Finished processes 0 tasks = 0.01278810
