05:10:22| --------------------------------------------------------------------------------
05:10:22| Primes: 1
05:10:22| 9638760730083 is not Prime!
05:10:22|  
05:10:22| --------------------------------------------------------------------------------
05:10:22| Words: 4
05:10:22| antiamusement

05:10:22| unamusement

05:10:22| amusement

05:10:22| amusement

05:10:22|  
05:10:22| --------------------------------------------------------------------------------
05:10:22| Uppercase: 1
05:10:22| INJECT
05:10:22|  
05:10:22| --------------------------------------------------------------------------------
05:10:22| Sums: 1
05:10:22| 241386284295
05:10:22|  
05:10:22| --------------------------------------------------------------------------------
05:10:22| Names: 1
05:10:22| ['http://127.0.0.1:8790/people/2/']
05:10:22|  
05:10:22| Number of Primes tasks: 1
05:10:22| Number of Words tasks: 4
05:10:22| Number of Uppercase tasks: 1
05:10:22| Number of Sums tasks: 1
05:10:22| Number of Names tasks: 1
05:10:22| Finished processes 5 tasks = 0.75794490
